<?xml version="1.0" encoding="UTF-8"?>
<!-- Generated by org.testng.reporters.JUnitXMLReporter -->
<testsuite hostname="Sia-VAIO" tests="13" failures="0" timestamp="9 Nov 2016 15:39:36 GMT" time="18.724" errors="0">
  <testcase name="testTangent on testTangent(CalculatorAdvacedOperationsTest)" time="2.464" classname="CalculatorAdvacedOperationsTest"/>
  <testcase name="testAbsolute on testAbsolute(CalculatorAdvacedOperationsTest)" time="0.056" classname="CalculatorAdvacedOperationsTest"/>
  <testcase name="testPower on testPower(CalculatorAdvacedOperationsTest)" time="1.287" classname="CalculatorAdvacedOperationsTest"/>
  <testcase name="testSine on testSine(CalculatorAdvacedOperationsTest)" time="0.037" classname="CalculatorAdvacedOperationsTest"/>
  <testcase name="testPercent on testPercent(CalculatorAdvacedOperationsTest)" time="0.046" classname="CalculatorAdvacedOperationsTest"/>
  <testcase name="testPiNumber on testPiNumber(CalculatorAdvacedOperationsTest)" time="0.002" classname="CalculatorAdvacedOperationsTest"/>
  <testcase name="testCosine on testCosine(CalculatorAdvacedOperationsTest)" time="0.046" classname="CalculatorAdvacedOperationsTest"/>
  <testcase name="testSquareRoot on testSquareRoot(CalculatorAdvacedOperationsTest)" time="13.581" classname="CalculatorAdvacedOperationsTest"/>
  <testcase name="testNegative on testNegative(CalculatorAdvacedOperationsTest)" time="0.03" classname="CalculatorAdvacedOperationsTest"/>
  <testcase name="testAdd on testAdd(CalculatorBasicOperationsTest)" time="0.062" classname="CalculatorBasicOperationsTest"/>
  <testcase name="testSubtract on testSubtract(CalculatorBasicOperationsTest)" time="0.034" classname="CalculatorBasicOperationsTest"/>
  <testcase name="testDivide on testDivide(CalculatorBasicOperationsTest)" time="0.7" classname="CalculatorBasicOperationsTest"/>
  <testcase name="testMultiply on testMultiply(CalculatorBasicOperationsTest)" time="0.026" classname="CalculatorBasicOperationsTest"/>
</testsuite>
