<?xml version="1.0" encoding="UTF-8"?>
<testsuite name="TestSuite" time="18.359" tests="13" errors="0" skipped="0" failures="0">
  <properties>
[...]
</properties>
  <testcase name="testTangent on testTangent(CalculatorAdvacedOperationsTest)" classname="CalculatorAdvacedOperationsTest" time="2.463"/>
  <testcase name="testAbsolute on testAbsolute(CalculatorAdvacedOperationsTest)" classname="CalculatorAdvacedOperationsTest" time="0.052"/>
  <testcase name="testPower on testPower(CalculatorAdvacedOperationsTest)" classname="CalculatorAdvacedOperationsTest" time="1.281"/>
  <testcase name="testSine on testSine(CalculatorAdvacedOperationsTest)" classname="CalculatorAdvacedOperationsTest" time="0.035"/>
  <testcase name="testPercent on testPercent(CalculatorAdvacedOperationsTest)" classname="CalculatorAdvacedOperationsTest" time="0.051"/>
  <testcase name="testPiNumber on testPiNumber(CalculatorAdvacedOperationsTest)" classname="CalculatorAdvacedOperationsTest" time="0"/>
  <testcase name="testCosine on testCosine(CalculatorAdvacedOperationsTest)" classname="CalculatorAdvacedOperationsTest" time="0.042"/>
  <testcase name="testSquareRoot on testSquareRoot(CalculatorAdvacedOperationsTest)" classname="CalculatorAdvacedOperationsTest" time="13.576"/>
  <testcase name="testNegative on testNegative(CalculatorAdvacedOperationsTest)" classname="CalculatorAdvacedOperationsTest" time="0.036"/>
  <testcase name="testAdd on testAdd(CalculatorBasicOperationsTest)" classname="CalculatorBasicOperationsTest" time="0.048"/>
  <testcase name="testSubtract on testSubtract(CalculatorBasicOperationsTest)" classname="CalculatorBasicOperationsTest" time="0.033"/>
  <testcase name="testDivide on testDivide(CalculatorBasicOperationsTest)" classname="CalculatorBasicOperationsTest" time="0.701"/>
  <testcase name="testMultiply on testMultiply(CalculatorBasicOperationsTest)" classname="CalculatorBasicOperationsTest" time="0.041"/>
</testsuite>